2023-01-17T14:41:21.401+01:00  INFO 10896 --- [restartedMain] c.e.demo.CoursSpringRestApplication      : Starting CoursSpringRestApplication using Java 17.0.5 with PID 10896 (C:\Users\M2i\eclipse-workspace\cours-spring-rest\target\classes started by M2i in C:\Users\M2i\eclipse-workspace\cours-spring-rest)
2023-01-17T14:41:21.405+01:00  INFO 10896 --- [restartedMain] c.e.demo.CoursSpringRestApplication      : No active profile set, falling back to 1 default profile: "default"
2023-01-17T14:41:21.430+01:00  INFO 10896 --- [restartedMain] .e.DevToolsPropertyDefaultsPostProcessor : Devtools property defaults active! Set 'spring.devtools.add-properties' to 'false' to disable
2023-01-17T14:41:21.430+01:00  INFO 10896 --- [restartedMain] .e.DevToolsPropertyDefaultsPostProcessor : For additional web related logging consider setting the 'logging.level.web' property to 'DEBUG'
2023-01-17T14:41:21.738+01:00  INFO 10896 --- [restartedMain] .s.d.r.c.RepositoryConfigurationDelegate : Bootstrapping Spring Data JPA repositories in DEFAULT mode.
2023-01-17T14:41:21.768+01:00  INFO 10896 --- [restartedMain] .s.d.r.c.RepositoryConfigurationDelegate : Finished Spring Data repository scanning in 25 ms. Found 2 JPA repository interfaces.
2023-01-17T14:41:22.076+01:00  INFO 10896 --- [restartedMain] o.s.b.w.embedded.tomcat.TomcatWebServer  : Tomcat initialized with port(s): 8080 (http)
2023-01-17T14:41:22.084+01:00  INFO 10896 --- [restartedMain] o.apache.catalina.core.StandardService   : Starting service [Tomcat]
2023-01-17T14:41:22.084+01:00  INFO 10896 --- [restartedMain] o.apache.catalina.core.StandardEngine    : Starting Servlet engine: [Apache Tomcat/10.1.4]
2023-01-17T14:41:22.125+01:00  INFO 10896 --- [restartedMain] o.a.c.c.C.[Tomcat].[localhost].[/ws]     : Initializing Spring embedded WebApplicationContext
2023-01-17T14:41:22.125+01:00  INFO 10896 --- [restartedMain] w.s.c.ServletWebServerApplicationContext : Root WebApplicationContext: initialization completed in 695 ms
2023-01-17T14:41:22.214+01:00  INFO 10896 --- [restartedMain] o.hibernate.jpa.internal.util.LogHelper  : HHH000204: Processing PersistenceUnitInfo [name: default]
2023-01-17T14:41:22.254+01:00  INFO 10896 --- [restartedMain] org.hibernate.Version                    : HHH000412: Hibernate ORM core version 6.1.6.Final
2023-01-17T14:41:22.345+01:00  WARN 10896 --- [restartedMain] org.hibernate.orm.deprecation            : HHH90000021: Encountered deprecated setting [javax.persistence.sharedCache.mode], use [jakarta.persistence.sharedCache.mode] instead
2023-01-17T14:41:22.419+01:00  INFO 10896 --- [restartedMain] com.zaxxer.hikari.HikariDataSource       : HikariPool-1 - Starting...
2023-01-17T14:41:22.608+01:00  INFO 10896 --- [restartedMain] com.zaxxer.hikari.pool.HikariPool        : HikariPool-1 - Added connection com.mysql.cj.jdbc.ConnectionImpl@185e1f64
2023-01-17T14:41:22.609+01:00  INFO 10896 --- [restartedMain] com.zaxxer.hikari.HikariDataSource       : HikariPool-1 - Start completed.
2023-01-17T14:41:22.639+01:00  INFO 10896 --- [restartedMain] SQL dialect                              : HHH000400: Using dialect: org.hibernate.dialect.MySQLDialect
2023-01-17T14:41:23.114+01:00  INFO 10896 --- [restartedMain] o.h.e.t.j.p.i.JtaPlatformInitiator       : HHH000490: Using JtaPlatform implementation: [org.hibernate.engine.transaction.jta.platform.internal.NoJtaPlatform]
2023-01-17T14:41:23.120+01:00  INFO 10896 --- [restartedMain] j.LocalContainerEntityManagerFactoryBean : Initialized JPA EntityManagerFactory for persistence unit 'default'
2023-01-17T14:41:23.277+01:00  WARN 10896 --- [restartedMain] JpaBaseConfiguration$JpaWebConfiguration : spring.jpa.open-in-view is enabled by default. Therefore, database queries may be performed during view rendering. Explicitly configure spring.jpa.open-in-view to disable this warning
2023-01-17T14:41:23.452+01:00  INFO 10896 --- [restartedMain] o.s.b.d.a.OptionalLiveReloadServer       : LiveReload server is running on port 35729
2023-01-17T14:41:23.474+01:00  INFO 10896 --- [restartedMain] o.s.b.w.embedded.tomcat.TomcatWebServer  : Tomcat started on port(s): 8080 (http) with context path '/ws'
2023-01-17T14:41:23.478+01:00  INFO 10896 --- [restartedMain] c.e.demo.CoursSpringRestApplication      : Started CoursSpringRestApplication in 2.292 seconds (process running for 2.795)
2023-01-17T14:41:50.363+01:00  INFO 10896 --- [http-nio-8080-exec-1] o.a.c.c.C.[Tomcat].[localhost].[/ws]     : Initializing Spring DispatcherServlet 'dispatcherServlet'
2023-01-17T14:41:50.363+01:00  INFO 10896 --- [http-nio-8080-exec-1] o.s.web.servlet.DispatcherServlet        : Initializing Servlet 'dispatcherServlet'
2023-01-17T14:41:50.364+01:00  INFO 10896 --- [http-nio-8080-exec-1] o.s.web.servlet.DispatcherServlet        : Completed initialization in 1 ms
2023-01-17T14:41:50.382+01:00 ERROR 10896 --- [http-nio-8080-exec-1] o.a.c.c.C.[.[.[/ws].[dispatcherServlet]  : Servlet.service() for servlet [dispatcherServlet] in context with path [/ws] threw exception [Request processing failed: java.lang.NullPointerException: Cannot invoke "com.example.demo.service.PersonneService.findAll()" because "this.personneService" is null] with root cause

java.lang.NullPointerException: Cannot invoke "com.example.demo.service.PersonneService.findAll()" because "this.personneService" is null
	at com.example.demo.controllers.PersonneController.getPersonnes(PersonneController.java:39) ~[classes/:na]
	at java.base/jdk.internal.reflect.NativeMethodAccessorImpl.invoke0(Native Method) ~[na:na]
	at java.base/jdk.internal.reflect.NativeMethodAccessorImpl.invoke(NativeMethodAccessorImpl.java:77) ~[na:na]
	at java.base/jdk.internal.reflect.DelegatingMethodAccessorImpl.invoke(DelegatingMethodAccessorImpl.java:43) ~[na:na]
	at java.base/java.lang.reflect.Method.invoke(Method.java:568) ~[na:na]
	at org.springframework.web.method.support.InvocableHandlerMethod.doInvoke(InvocableHandlerMethod.java:207) ~[spring-web-6.0.3.jar:6.0.3]
	at org.springframework.web.method.support.InvocableHandlerMethod.invokeForRequest(InvocableHandlerMethod.java:152) ~[spring-web-6.0.3.jar:6.0.3]
	at org.springframework.web.servlet.mvc.method.annotation.ServletInvocableHandlerMethod.invokeAndHandle(ServletInvocableHandlerMethod.java:117) ~[spring-webmvc-6.0.3.jar:6.0.3]
	at org.springframework.web.servlet.mvc.method.annotation.RequestMappingHandlerAdapter.invokeHandlerMethod(RequestMappingHandlerAdapter.java:884) ~[spring-webmvc-6.0.3.jar:6.0.3]
	at org.springframework.web.servlet.mvc.method.annotation.RequestMappingHandlerAdapter.handleInternal(RequestMappingHandlerAdapter.java:797) ~[spring-webmvc-6.0.3.jar:6.0.3]
	at org.springframework.web.servlet.mvc.method.AbstractHandlerMethodAdapter.handle(AbstractHandlerMethodAdapter.java:87) ~[spring-webmvc-6.0.3.jar:6.0.3]
	at org.springframework.web.servlet.DispatcherServlet.doDispatch(DispatcherServlet.java:1080) ~[spring-webmvc-6.0.3.jar:6.0.3]
	at org.springframework.web.servlet.DispatcherServlet.doService(DispatcherServlet.java:973) ~[spring-webmvc-6.0.3.jar:6.0.3]
	at org.springframework.web.servlet.FrameworkServlet.processRequest(FrameworkServlet.java:1010) ~[spring-webmvc-6.0.3.jar:6.0.3]
	at org.springframework.web.servlet.FrameworkServlet.doGet(FrameworkServlet.java:902) ~[spring-webmvc-6.0.3.jar:6.0.3]
	at jakarta.servlet.http.HttpServlet.service(HttpServlet.java:705) ~[tomcat-embed-core-10.1.4.jar:6.0]
	at org.springframework.web.servlet.FrameworkServlet.service(FrameworkServlet.java:884) ~[spring-webmvc-6.0.3.jar:6.0.3]
	at jakarta.servlet.http.HttpServlet.service(HttpServlet.java:814) ~[tomcat-embed-core-10.1.4.jar:6.0]
	at org.apache.catalina.core.ApplicationFilterChain.internalDoFilter(ApplicationFilterChain.java:223) ~[tomcat-embed-core-10.1.4.jar:10.1.4]
	at org.apache.catalina.core.ApplicationFilterChain.doFilter(ApplicationFilterChain.java:158) ~[tomcat-embed-core-10.1.4.jar:10.1.4]
	at org.apache.tomcat.websocket.server.WsFilter.doFilter(WsFilter.java:53) ~[tomcat-embed-websocket-10.1.4.jar:10.1.4]
	at org.apache.catalina.core.ApplicationFilterChain.internalDoFilter(ApplicationFilterChain.java:185) ~[tomcat-embed-core-10.1.4.jar:10.1.4]
	at org.apache.catalina.core.ApplicationFilterChain.doFilter(ApplicationFilterChain.java:158) ~[tomcat-embed-core-10.1.4.jar:10.1.4]
	at org.springframework.web.filter.RequestContextFilter.doFilterInternal(RequestContextFilter.java:100) ~[spring-web-6.0.3.jar:6.0.3]
	at org.springframework.web.filter.OncePerRequestFilter.doFilter(OncePerRequestFilter.java:116) ~[spring-web-6.0.3.jar:6.0.3]
	at org.apache.catalina.core.ApplicationFilterChain.internalDoFilter(ApplicationFilterChain.java:185) ~[tomcat-embed-core-10.1.4.jar:10.1.4]
	at org.apache.catalina.core.ApplicationFilterChain.doFilter(ApplicationFilterChain.java:158) ~[tomcat-embed-core-10.1.4.jar:10.1.4]
	at org.springframework.web.filter.FormContentFilter.doFilterInternal(FormContentFilter.java:93) ~[spring-web-6.0.3.jar:6.0.3]
	at org.springframework.web.filter.OncePerRequestFilter.doFilter(OncePerRequestFilter.java:116) ~[spring-web-6.0.3.jar:6.0.3]
	at org.apache.catalina.core.ApplicationFilterChain.internalDoFilter(ApplicationFilterChain.java:185) ~[tomcat-embed-core-10.1.4.jar:10.1.4]
	at org.apache.catalina.core.ApplicationFilterChain.doFilter(ApplicationFilterChain.java:158) ~[tomcat-embed-core-10.1.4.jar:10.1.4]
	at org.springframework.web.filter.CharacterEncodingFilter.doFilterInternal(CharacterEncodingFilter.java:201) ~[spring-web-6.0.3.jar:6.0.3]
	at org.springframework.web.filter.OncePerRequestFilter.doFilter(OncePerRequestFilter.java:116) ~[spring-web-6.0.3.jar:6.0.3]
	at org.apache.catalina.core.ApplicationFilterChain.internalDoFilter(ApplicationFilterChain.java:185) ~[tomcat-embed-core-10.1.4.jar:10.1.4]
	at org.apache.catalina.core.ApplicationFilterChain.doFilter(ApplicationFilterChain.java:158) ~[tomcat-embed-core-10.1.4.jar:10.1.4]
	at org.apache.catalina.core.StandardWrapperValve.invoke(StandardWrapperValve.java:177) ~[tomcat-embed-core-10.1.4.jar:10.1.4]
	at org.apache.catalina.core.StandardContextValve.invoke(StandardContextValve.java:97) ~[tomcat-embed-core-10.1.4.jar:10.1.4]
	at org.apache.catalina.authenticator.AuthenticatorBase.invoke(AuthenticatorBase.java:542) ~[tomcat-embed-core-10.1.4.jar:10.1.4]
	at org.apache.catalina.core.StandardHostValve.invoke(StandardHostValve.java:119) ~[tomcat-embed-core-10.1.4.jar:10.1.4]
	at org.apache.catalina.valves.ErrorReportValve.invoke(ErrorReportValve.java:92) ~[tomcat-embed-core-10.1.4.jar:10.1.4]
	at org.apache.catalina.core.StandardEngineValve.invoke(StandardEngineValve.java:78) ~[tomcat-embed-core-10.1.4.jar:10.1.4]
	at org.apache.catalina.connector.CoyoteAdapter.service(CoyoteAdapter.java:357) ~[tomcat-embed-core-10.1.4.jar:10.1.4]
	at org.apache.coyote.http11.Http11Processor.service(Http11Processor.java:400) ~[tomcat-embed-core-10.1.4.jar:10.1.4]
	at org.apache.coyote.AbstractProcessorLight.process(AbstractProcessorLight.java:65) ~[tomcat-embed-core-10.1.4.jar:10.1.4]
	at org.apache.coyote.AbstractProtocol$ConnectionHandler.process(AbstractProtocol.java:859) ~[tomcat-embed-core-10.1.4.jar:10.1.4]
	at org.apache.tomcat.util.net.NioEndpoint$SocketProcessor.doRun(NioEndpoint.java:1734) ~[tomcat-embed-core-10.1.4.jar:10.1.4]
	at org.apache.tomcat.util.net.SocketProcessorBase.run(SocketProcessorBase.java:52) ~[tomcat-embed-core-10.1.4.jar:10.1.4]
	at org.apache.tomcat.util.threads.ThreadPoolExecutor.runWorker(ThreadPoolExecutor.java:1191) ~[tomcat-embed-core-10.1.4.jar:10.1.4]
	at org.apache.tomcat.util.threads.ThreadPoolExecutor$Worker.run(ThreadPoolExecutor.java:659) ~[tomcat-embed-core-10.1.4.jar:10.1.4]
	at org.apache.tomcat.util.threads.TaskThread$WrappingRunnable.run(TaskThread.java:61) ~[tomcat-embed-core-10.1.4.jar:10.1.4]
	at java.base/java.lang.Thread.run(Thread.java:833) ~[na:na]

2023-01-17T14:42:07.326+01:00  INFO 10896 --- [http-nio-8080-exec-4] c.e.demo.controllers.PersonneController  : personne envoyée Personne(id=null, nom=Diego, prenom=Le singe, adresses=[]) 
2023-01-17T14:42:07.326+01:00 ERROR 10896 --- [http-nio-8080-exec-4] o.a.c.c.C.[.[.[/ws].[dispatcherServlet]  : Servlet.service() for servlet [dispatcherServlet] in context with path [/ws] threw exception [Request processing failed: java.lang.NullPointerException: Cannot invoke "com.example.demo.service.PersonneService.save(com.example.demo.models.Personne)" because "this.personneService" is null] with root cause

java.lang.NullPointerException: Cannot invoke "com.example.demo.service.PersonneService.save(com.example.demo.models.Personne)" because "this.personneService" is null
	at com.example.demo.controllers.PersonneController.postPersonne(PersonneController.java:59) ~[classes/:na]
	at java.base/jdk.internal.reflect.NativeMethodAccessorImpl.invoke0(Native Method) ~[na:na]
	at java.base/jdk.internal.reflect.NativeMethodAccessorImpl.invoke(NativeMethodAccessorImpl.java:77) ~[na:na]
	at java.base/jdk.internal.reflect.DelegatingMethodAccessorImpl.invoke(DelegatingMethodAccessorImpl.java:43) ~[na:na]
	at java.base/java.lang.reflect.Method.invoke(Method.java:568) ~[na:na]
	at org.springframework.web.method.support.InvocableHandlerMethod.doInvoke(InvocableHandlerMethod.java:207) ~[spring-web-6.0.3.jar:6.0.3]
	at org.springframework.web.method.support.InvocableHandlerMethod.invokeForRequest(InvocableHandlerMethod.java:152) ~[spring-web-6.0.3.jar:6.0.3]
	at org.springframework.web.servlet.mvc.method.annotation.ServletInvocableHandlerMethod.invokeAndHandle(ServletInvocableHandlerMethod.java:117) ~[spring-webmvc-6.0.3.jar:6.0.3]
	at org.springframework.web.servlet.mvc.method.annotation.RequestMappingHandlerAdapter.invokeHandlerMethod(RequestMappingHandlerAdapter.java:884) ~[spring-webmvc-6.0.3.jar:6.0.3]
	at org.springframework.web.servlet.mvc.method.annotation.RequestMappingHandlerAdapter.handleInternal(RequestMappingHandlerAdapter.java:797) ~[spring-webmvc-6.0.3.jar:6.0.3]
	at org.springframework.web.servlet.mvc.method.AbstractHandlerMethodAdapter.handle(AbstractHandlerMethodAdapter.java:87) ~[spring-webmvc-6.0.3.jar:6.0.3]
	at org.springframework.web.servlet.DispatcherServlet.doDispatch(DispatcherServlet.java:1080) ~[spring-webmvc-6.0.3.jar:6.0.3]
	at org.springframework.web.servlet.DispatcherServlet.doService(DispatcherServlet.java:973) ~[spring-webmvc-6.0.3.jar:6.0.3]
	at org.springframework.web.servlet.FrameworkServlet.processRequest(FrameworkServlet.java:1010) ~[spring-webmvc-6.0.3.jar:6.0.3]
	at org.springframework.web.servlet.FrameworkServlet.doPost(FrameworkServlet.java:913) ~[spring-webmvc-6.0.3.jar:6.0.3]
	at jakarta.servlet.http.HttpServlet.service(HttpServlet.java:731) ~[tomcat-embed-core-10.1.4.jar:6.0]
	at org.springframework.web.servlet.FrameworkServlet.service(FrameworkServlet.java:884) ~[spring-webmvc-6.0.3.jar:6.0.3]
	at jakarta.servlet.http.HttpServlet.service(HttpServlet.java:814) ~[tomcat-embed-core-10.1.4.jar:6.0]
	at org.apache.catalina.core.ApplicationFilterChain.internalDoFilter(ApplicationFilterChain.java:223) ~[tomcat-embed-core-10.1.4.jar:10.1.4]
	at org.apache.catalina.core.ApplicationFilterChain.doFilter(ApplicationFilterChain.java:158) ~[tomcat-embed-core-10.1.4.jar:10.1.4]
	at org.apache.tomcat.websocket.server.WsFilter.doFilter(WsFilter.java:53) ~[tomcat-embed-websocket-10.1.4.jar:10.1.4]
	at org.apache.catalina.core.ApplicationFilterChain.internalDoFilter(ApplicationFilterChain.java:185) ~[tomcat-embed-core-10.1.4.jar:10.1.4]
	at org.apache.catalina.core.ApplicationFilterChain.doFilter(ApplicationFilterChain.java:158) ~[tomcat-embed-core-10.1.4.jar:10.1.4]
	at org.springframework.web.filter.RequestContextFilter.doFilterInternal(RequestContextFilter.java:100) ~[spring-web-6.0.3.jar:6.0.3]
	at org.springframework.web.filter.OncePerRequestFilter.doFilter(OncePerRequestFilter.java:116) ~[spring-web-6.0.3.jar:6.0.3]
	at org.apache.catalina.core.ApplicationFilterChain.internalDoFilter(ApplicationFilterChain.java:185) ~[tomcat-embed-core-10.1.4.jar:10.1.4]
	at org.apache.catalina.core.ApplicationFilterChain.doFilter(ApplicationFilterChain.java:158) ~[tomcat-embed-core-10.1.4.jar:10.1.4]
	at org.springframework.web.filter.FormContentFilter.doFilterInternal(FormContentFilter.java:93) ~[spring-web-6.0.3.jar:6.0.3]
	at org.springframework.web.filter.OncePerRequestFilter.doFilter(OncePerRequestFilter.java:116) ~[spring-web-6.0.3.jar:6.0.3]
	at org.apache.catalina.core.ApplicationFilterChain.internalDoFilter(ApplicationFilterChain.java:185) ~[tomcat-embed-core-10.1.4.jar:10.1.4]
	at org.apache.catalina.core.ApplicationFilterChain.doFilter(ApplicationFilterChain.java:158) ~[tomcat-embed-core-10.1.4.jar:10.1.4]
	at org.springframework.web.filter.CharacterEncodingFilter.doFilterInternal(CharacterEncodingFilter.java:201) ~[spring-web-6.0.3.jar:6.0.3]
	at org.springframework.web.filter.OncePerRequestFilter.doFilter(OncePerRequestFilter.java:116) ~[spring-web-6.0.3.jar:6.0.3]
	at org.apache.catalina.core.ApplicationFilterChain.internalDoFilter(ApplicationFilterChain.java:185) ~[tomcat-embed-core-10.1.4.jar:10.1.4]
	at org.apache.catalina.core.ApplicationFilterChain.doFilter(ApplicationFilterChain.java:158) ~[tomcat-embed-core-10.1.4.jar:10.1.4]
	at org.apache.catalina.core.StandardWrapperValve.invoke(StandardWrapperValve.java:177) ~[tomcat-embed-core-10.1.4.jar:10.1.4]
	at org.apache.catalina.core.StandardContextValve.invoke(StandardContextValve.java:97) ~[tomcat-embed-core-10.1.4.jar:10.1.4]
	at org.apache.catalina.authenticator.AuthenticatorBase.invoke(AuthenticatorBase.java:542) ~[tomcat-embed-core-10.1.4.jar:10.1.4]
	at org.apache.catalina.core.StandardHostValve.invoke(StandardHostValve.java:119) ~[tomcat-embed-core-10.1.4.jar:10.1.4]
	at org.apache.catalina.valves.ErrorReportValve.invoke(ErrorReportValve.java:92) ~[tomcat-embed-core-10.1.4.jar:10.1.4]
	at org.apache.catalina.core.StandardEngineValve.invoke(StandardEngineValve.java:78) ~[tomcat-embed-core-10.1.4.jar:10.1.4]
	at org.apache.catalina.connector.CoyoteAdapter.service(CoyoteAdapter.java:357) ~[tomcat-embed-core-10.1.4.jar:10.1.4]
	at org.apache.coyote.http11.Http11Processor.service(Http11Processor.java:400) ~[tomcat-embed-core-10.1.4.jar:10.1.4]
	at org.apache.coyote.AbstractProcessorLight.process(AbstractProcessorLight.java:65) ~[tomcat-embed-core-10.1.4.jar:10.1.4]
	at org.apache.coyote.AbstractProtocol$ConnectionHandler.process(AbstractProtocol.java:859) ~[tomcat-embed-core-10.1.4.jar:10.1.4]
	at org.apache.tomcat.util.net.NioEndpoint$SocketProcessor.doRun(NioEndpoint.java:1734) ~[tomcat-embed-core-10.1.4.jar:10.1.4]
	at org.apache.tomcat.util.net.SocketProcessorBase.run(SocketProcessorBase.java:52) ~[tomcat-embed-core-10.1.4.jar:10.1.4]
	at org.apache.tomcat.util.threads.ThreadPoolExecutor.runWorker(ThreadPoolExecutor.java:1191) ~[tomcat-embed-core-10.1.4.jar:10.1.4]
	at org.apache.tomcat.util.threads.ThreadPoolExecutor$Worker.run(ThreadPoolExecutor.java:659) ~[tomcat-embed-core-10.1.4.jar:10.1.4]
	at org.apache.tomcat.util.threads.TaskThread$WrappingRunnable.run(TaskThread.java:61) ~[tomcat-embed-core-10.1.4.jar:10.1.4]
	at java.base/java.lang.Thread.run(Thread.java:833) ~[na:na]

2023-01-17T14:42:34.625+01:00  INFO 2084 --- [restartedMain] c.e.demo.CoursSpringRestApplication      : Starting CoursSpringRestApplication using Java 17.0.5 with PID 2084 (C:\Users\M2i\eclipse-workspace\cours-spring-rest\target\classes started by M2i in C:\Users\M2i\eclipse-workspace\cours-spring-rest)
2023-01-17T14:42:34.627+01:00  INFO 2084 --- [restartedMain] c.e.demo.CoursSpringRestApplication      : No active profile set, falling back to 1 default profile: "default"
2023-01-17T14:42:34.651+01:00  INFO 2084 --- [restartedMain] .e.DevToolsPropertyDefaultsPostProcessor : Devtools property defaults active! Set 'spring.devtools.add-properties' to 'false' to disable
2023-01-17T14:42:34.652+01:00  INFO 2084 --- [restartedMain] .e.DevToolsPropertyDefaultsPostProcessor : For additional web related logging consider setting the 'logging.level.web' property to 'DEBUG'
2023-01-17T14:42:34.949+01:00  INFO 2084 --- [restartedMain] .s.d.r.c.RepositoryConfigurationDelegate : Bootstrapping Spring Data JPA repositories in DEFAULT mode.
2023-01-17T14:42:34.978+01:00  INFO 2084 --- [restartedMain] .s.d.r.c.RepositoryConfigurationDelegate : Finished Spring Data repository scanning in 25 ms. Found 2 JPA repository interfaces.
2023-01-17T14:42:35.247+01:00  INFO 2084 --- [restartedMain] o.s.b.w.embedded.tomcat.TomcatWebServer  : Tomcat initialized with port(s): 8080 (http)
2023-01-17T14:42:35.253+01:00  INFO 2084 --- [restartedMain] o.apache.catalina.core.StandardService   : Starting service [Tomcat]
2023-01-17T14:42:35.253+01:00  INFO 2084 --- [restartedMain] o.apache.catalina.core.StandardEngine    : Starting Servlet engine: [Apache Tomcat/10.1.4]
2023-01-17T14:42:35.291+01:00  INFO 2084 --- [restartedMain] o.a.c.c.C.[Tomcat].[localhost].[/ws]     : Initializing Spring embedded WebApplicationContext
2023-01-17T14:42:35.292+01:00  INFO 2084 --- [restartedMain] w.s.c.ServletWebServerApplicationContext : Root WebApplicationContext: initialization completed in 640 ms
2023-01-17T14:42:35.366+01:00  INFO 2084 --- [restartedMain] o.hibernate.jpa.internal.util.LogHelper  : HHH000204: Processing PersistenceUnitInfo [name: default]
2023-01-17T14:42:35.390+01:00  INFO 2084 --- [restartedMain] org.hibernate.Version                    : HHH000412: Hibernate ORM core version 6.1.6.Final
2023-01-17T14:42:35.470+01:00  WARN 2084 --- [restartedMain] org.hibernate.orm.deprecation            : HHH90000021: Encountered deprecated setting [javax.persistence.sharedCache.mode], use [jakarta.persistence.sharedCache.mode] instead
2023-01-17T14:42:35.533+01:00  INFO 2084 --- [restartedMain] com.zaxxer.hikari.HikariDataSource       : HikariPool-1 - Starting...
2023-01-17T14:42:35.699+01:00  INFO 2084 --- [restartedMain] com.zaxxer.hikari.pool.HikariPool        : HikariPool-1 - Added connection com.mysql.cj.jdbc.ConnectionImpl@41bca03
2023-01-17T14:42:35.701+01:00  INFO 2084 --- [restartedMain] com.zaxxer.hikari.HikariDataSource       : HikariPool-1 - Start completed.
2023-01-17T14:42:35.728+01:00  INFO 2084 --- [restartedMain] SQL dialect                              : HHH000400: Using dialect: org.hibernate.dialect.MySQLDialect
2023-01-17T14:42:36.180+01:00  INFO 2084 --- [restartedMain] o.h.e.t.j.p.i.JtaPlatformInitiator       : HHH000490: Using JtaPlatform implementation: [org.hibernate.engine.transaction.jta.platform.internal.NoJtaPlatform]
2023-01-17T14:42:36.185+01:00  INFO 2084 --- [restartedMain] j.LocalContainerEntityManagerFactoryBean : Initialized JPA EntityManagerFactory for persistence unit 'default'
2023-01-17T14:42:36.341+01:00  WARN 2084 --- [restartedMain] JpaBaseConfiguration$JpaWebConfiguration : spring.jpa.open-in-view is enabled by default. Therefore, database queries may be performed during view rendering. Explicitly configure spring.jpa.open-in-view to disable this warning
2023-01-17T14:42:36.496+01:00  WARN 2084 --- [restartedMain] o.s.b.d.a.OptionalLiveReloadServer       : Unable to start LiveReload server
2023-01-17T14:42:36.507+01:00  WARN 2084 --- [restartedMain] ConfigServletWebServerApplicationContext : Exception encountered during context initialization - cancelling refresh attempt: org.springframework.context.ApplicationContextException: Failed to start bean 'webServerStartStop'
2023-01-17T14:42:36.508+01:00  INFO 2084 --- [restartedMain] j.LocalContainerEntityManagerFactoryBean : Closing JPA EntityManagerFactory for persistence unit 'default'
2023-01-17T14:42:36.510+01:00  INFO 2084 --- [restartedMain] com.zaxxer.hikari.HikariDataSource       : HikariPool-1 - Shutdown initiated...
2023-01-17T14:42:36.514+01:00  INFO 2084 --- [restartedMain] com.zaxxer.hikari.HikariDataSource       : HikariPool-1 - Shutdown completed.
2023-01-17T14:42:36.515+01:00  INFO 2084 --- [restartedMain] o.apache.catalina.core.StandardService   : Stopping service [Tomcat]
2023-01-17T14:42:36.522+01:00  INFO 2084 --- [restartedMain] .s.b.a.l.ConditionEvaluationReportLogger : 

Error starting ApplicationContext. To display the condition evaluation report re-run your application with 'debug' enabled.
2023-01-17T14:42:36.535+01:00 ERROR 2084 --- [restartedMain] o.s.b.d.LoggingFailureAnalysisReporter   : 

***************************
APPLICATION FAILED TO START
***************************

Description:

Web server failed to start. Port 8080 was already in use.

Action:

Identify and stop the process that's listening on port 8080 or configure this application to listen on another port.

2023-01-17T14:42:43.339+01:00  INFO 10896 --- [RMI TCP Connection(3)-127.0.0.1] inMXBeanRegistrar$SpringApplicationAdmin : Application shutdown requested.
2023-01-17T14:42:43.346+01:00  INFO 10896 --- [RMI TCP Connection(3)-127.0.0.1] o.apache.catalina.core.StandardService   : Stopping service [Tomcat]
2023-01-17T14:42:43.347+01:00  INFO 10896 --- [RMI TCP Connection(3)-127.0.0.1] o.a.c.c.C.[Tomcat].[localhost].[/ws]     : Destroying Spring FrameworkServlet 'dispatcherServlet'
2023-01-17T14:42:43.351+01:00  INFO 10896 --- [RMI TCP Connection(3)-127.0.0.1] j.LocalContainerEntityManagerFactoryBean : Closing JPA EntityManagerFactory for persistence unit 'default'
2023-01-17T14:42:43.353+01:00  INFO 10896 --- [RMI TCP Connection(3)-127.0.0.1] com.zaxxer.hikari.HikariDataSource       : HikariPool-1 - Shutdown initiated...
2023-01-17T14:42:43.358+01:00  INFO 10896 --- [RMI TCP Connection(3)-127.0.0.1] com.zaxxer.hikari.HikariDataSource       : HikariPool-1 - Shutdown completed.
2023-01-17T14:42:54.042+01:00  INFO 14132 --- [restartedMain] c.e.demo.CoursSpringRestApplication      : Starting CoursSpringRestApplication using Java 17.0.5 with PID 14132 (C:\Users\M2i\eclipse-workspace\cours-spring-rest\target\classes started by M2i in C:\Users\M2i\eclipse-workspace\cours-spring-rest)
2023-01-17T14:42:54.043+01:00  INFO 14132 --- [restartedMain] c.e.demo.CoursSpringRestApplication      : No active profile set, falling back to 1 default profile: "default"
2023-01-17T14:42:54.066+01:00  INFO 14132 --- [restartedMain] .e.DevToolsPropertyDefaultsPostProcessor : Devtools property defaults active! Set 'spring.devtools.add-properties' to 'false' to disable
2023-01-17T14:42:54.067+01:00  INFO 14132 --- [restartedMain] .e.DevToolsPropertyDefaultsPostProcessor : For additional web related logging consider setting the 'logging.level.web' property to 'DEBUG'
2023-01-17T14:42:54.378+01:00  INFO 14132 --- [restartedMain] .s.d.r.c.RepositoryConfigurationDelegate : Bootstrapping Spring Data JPA repositories in DEFAULT mode.
2023-01-17T14:42:54.408+01:00  INFO 14132 --- [restartedMain] .s.d.r.c.RepositoryConfigurationDelegate : Finished Spring Data repository scanning in 26 ms. Found 2 JPA repository interfaces.
2023-01-17T14:42:54.685+01:00  INFO 14132 --- [restartedMain] o.s.b.w.embedded.tomcat.TomcatWebServer  : Tomcat initialized with port(s): 8080 (http)
2023-01-17T14:42:54.692+01:00  INFO 14132 --- [restartedMain] o.apache.catalina.core.StandardService   : Starting service [Tomcat]
2023-01-17T14:42:54.692+01:00  INFO 14132 --- [restartedMain] o.apache.catalina.core.StandardEngine    : Starting Servlet engine: [Apache Tomcat/10.1.4]
2023-01-17T14:42:54.731+01:00  INFO 14132 --- [restartedMain] o.a.c.c.C.[Tomcat].[localhost].[/ws]     : Initializing Spring embedded WebApplicationContext
2023-01-17T14:42:54.731+01:00  INFO 14132 --- [restartedMain] w.s.c.ServletWebServerApplicationContext : Root WebApplicationContext: initialization completed in 664 ms
2023-01-17T14:42:54.809+01:00  INFO 14132 --- [restartedMain] o.hibernate.jpa.internal.util.LogHelper  : HHH000204: Processing PersistenceUnitInfo [name: default]
2023-01-17T14:42:54.834+01:00  INFO 14132 --- [restartedMain] org.hibernate.Version                    : HHH000412: Hibernate ORM core version 6.1.6.Final
2023-01-17T14:42:54.915+01:00  WARN 14132 --- [restartedMain] org.hibernate.orm.deprecation            : HHH90000021: Encountered deprecated setting [javax.persistence.sharedCache.mode], use [jakarta.persistence.sharedCache.mode] instead
2023-01-17T14:42:54.972+01:00  INFO 14132 --- [restartedMain] com.zaxxer.hikari.HikariDataSource       : HikariPool-1 - Starting...
2023-01-17T14:42:55.148+01:00  INFO 14132 --- [restartedMain] com.zaxxer.hikari.pool.HikariPool        : HikariPool-1 - Added connection com.mysql.cj.jdbc.ConnectionImpl@41bca03
2023-01-17T14:42:55.149+01:00  INFO 14132 --- [restartedMain] com.zaxxer.hikari.HikariDataSource       : HikariPool-1 - Start completed.
2023-01-17T14:42:55.176+01:00  INFO 14132 --- [restartedMain] SQL dialect                              : HHH000400: Using dialect: org.hibernate.dialect.MySQLDialect
2023-01-17T14:42:55.621+01:00  INFO 14132 --- [restartedMain] o.h.e.t.j.p.i.JtaPlatformInitiator       : HHH000490: Using JtaPlatform implementation: [org.hibernate.engine.transaction.jta.platform.internal.NoJtaPlatform]
2023-01-17T14:42:55.626+01:00  INFO 14132 --- [restartedMain] j.LocalContainerEntityManagerFactoryBean : Initialized JPA EntityManagerFactory for persistence unit 'default'
2023-01-17T14:42:55.772+01:00  WARN 14132 --- [restartedMain] JpaBaseConfiguration$JpaWebConfiguration : spring.jpa.open-in-view is enabled by default. Therefore, database queries may be performed during view rendering. Explicitly configure spring.jpa.open-in-view to disable this warning
2023-01-17T14:42:55.933+01:00  INFO 14132 --- [restartedMain] o.s.b.d.a.OptionalLiveReloadServer       : LiveReload server is running on port 35729
2023-01-17T14:42:55.954+01:00  INFO 14132 --- [restartedMain] o.s.b.w.embedded.tomcat.TomcatWebServer  : Tomcat started on port(s): 8080 (http) with context path '/ws'
2023-01-17T14:42:55.959+01:00  INFO 14132 --- [restartedMain] c.e.demo.CoursSpringRestApplication      : Started CoursSpringRestApplication in 2.127 seconds (process running for 2.489)
2023-01-17T14:43:06.326+01:00  INFO 14132 --- [http-nio-8080-exec-2] o.a.c.c.C.[Tomcat].[localhost].[/ws]     : Initializing Spring DispatcherServlet 'dispatcherServlet'
2023-01-17T14:43:06.326+01:00  INFO 14132 --- [http-nio-8080-exec-2] o.s.web.servlet.DispatcherServlet        : Initializing Servlet 'dispatcherServlet'
2023-01-17T14:43:06.327+01:00  INFO 14132 --- [http-nio-8080-exec-2] o.s.web.servlet.DispatcherServlet        : Completed initialization in 1 ms
2023-01-17T14:43:06.399+01:00  INFO 14132 --- [http-nio-8080-exec-2] c.e.demo.controllers.PersonneController  : personne envoyée Personne(id=null, nom=Diego, prenom=Le singe, adresses=[]) 
2023-01-17T14:43:06.401+01:00 ERROR 14132 --- [http-nio-8080-exec-2] o.a.c.c.C.[.[.[/ws].[dispatcherServlet]  : Servlet.service() for servlet [dispatcherServlet] in context with path [/ws] threw exception [Request processing failed: java.lang.NullPointerException: Cannot invoke "com.example.demo.service.PersonneService.save(com.example.demo.models.Personne)" because "this.personneService" is null] with root cause

java.lang.NullPointerException: Cannot invoke "com.example.demo.service.PersonneService.save(com.example.demo.models.Personne)" because "this.personneService" is null
	at com.example.demo.controllers.PersonneController.postPersonne(PersonneController.java:59) ~[classes/:na]
	at java.base/jdk.internal.reflect.NativeMethodAccessorImpl.invoke0(Native Method) ~[na:na]
	at java.base/jdk.internal.reflect.NativeMethodAccessorImpl.invoke(NativeMethodAccessorImpl.java:77) ~[na:na]
	at java.base/jdk.internal.reflect.DelegatingMethodAccessorImpl.invoke(DelegatingMethodAccessorImpl.java:43) ~[na:na]
	at java.base/java.lang.reflect.Method.invoke(Method.java:568) ~[na:na]
	at org.springframework.web.method.support.InvocableHandlerMethod.doInvoke(InvocableHandlerMethod.java:207) ~[spring-web-6.0.3.jar:6.0.3]
	at org.springframework.web.method.support.InvocableHandlerMethod.invokeForRequest(InvocableHandlerMethod.java:152) ~[spring-web-6.0.3.jar:6.0.3]
	at org.springframework.web.servlet.mvc.method.annotation.ServletInvocableHandlerMethod.invokeAndHandle(ServletInvocableHandlerMethod.java:117) ~[spring-webmvc-6.0.3.jar:6.0.3]
	at org.springframework.web.servlet.mvc.method.annotation.RequestMappingHandlerAdapter.invokeHandlerMethod(RequestMappingHandlerAdapter.java:884) ~[spring-webmvc-6.0.3.jar:6.0.3]
	at org.springframework.web.servlet.mvc.method.annotation.RequestMappingHandlerAdapter.handleInternal(RequestMappingHandlerAdapter.java:797) ~[spring-webmvc-6.0.3.jar:6.0.3]
	at org.springframework.web.servlet.mvc.method.AbstractHandlerMethodAdapter.handle(AbstractHandlerMethodAdapter.java:87) ~[spring-webmvc-6.0.3.jar:6.0.3]
	at org.springframework.web.servlet.DispatcherServlet.doDispatch(DispatcherServlet.java:1080) ~[spring-webmvc-6.0.3.jar:6.0.3]
	at org.springframework.web.servlet.DispatcherServlet.doService(DispatcherServlet.java:973) ~[spring-webmvc-6.0.3.jar:6.0.3]
	at org.springframework.web.servlet.FrameworkServlet.processRequest(FrameworkServlet.java:1010) ~[spring-webmvc-6.0.3.jar:6.0.3]
	at org.springframework.web.servlet.FrameworkServlet.doPost(FrameworkServlet.java:913) ~[spring-webmvc-6.0.3.jar:6.0.3]
	at jakarta.servlet.http.HttpServlet.service(HttpServlet.java:731) ~[tomcat-embed-core-10.1.4.jar:6.0]
	at org.springframework.web.servlet.FrameworkServlet.service(FrameworkServlet.java:884) ~[spring-webmvc-6.0.3.jar:6.0.3]
	at jakarta.servlet.http.HttpServlet.service(HttpServlet.java:814) ~[tomcat-embed-core-10.1.4.jar:6.0]
	at org.apache.catalina.core.ApplicationFilterChain.internalDoFilter(ApplicationFilterChain.java:223) ~[tomcat-embed-core-10.1.4.jar:10.1.4]
	at org.apache.catalina.core.ApplicationFilterChain.doFilter(ApplicationFilterChain.java:158) ~[tomcat-embed-core-10.1.4.jar:10.1.4]
	at org.apache.tomcat.websocket.server.WsFilter.doFilter(WsFilter.java:53) ~[tomcat-embed-websocket-10.1.4.jar:10.1.4]
	at org.apache.catalina.core.ApplicationFilterChain.internalDoFilter(ApplicationFilterChain.java:185) ~[tomcat-embed-core-10.1.4.jar:10.1.4]
	at org.apache.catalina.core.ApplicationFilterChain.doFilter(ApplicationFilterChain.java:158) ~[tomcat-embed-core-10.1.4.jar:10.1.4]
	at org.springframework.web.filter.RequestContextFilter.doFilterInternal(RequestContextFilter.java:100) ~[spring-web-6.0.3.jar:6.0.3]
	at org.springframework.web.filter.OncePerRequestFilter.doFilter(OncePerRequestFilter.java:116) ~[spring-web-6.0.3.jar:6.0.3]
	at org.apache.catalina.core.ApplicationFilterChain.internalDoFilter(ApplicationFilterChain.java:185) ~[tomcat-embed-core-10.1.4.jar:10.1.4]
	at org.apache.catalina.core.ApplicationFilterChain.doFilter(ApplicationFilterChain.java:158) ~[tomcat-embed-core-10.1.4.jar:10.1.4]
	at org.springframework.web.filter.FormContentFilter.doFilterInternal(FormContentFilter.java:93) ~[spring-web-6.0.3.jar:6.0.3]
	at org.springframework.web.filter.OncePerRequestFilter.doFilter(OncePerRequestFilter.java:116) ~[spring-web-6.0.3.jar:6.0.3]
	at org.apache.catalina.core.ApplicationFilterChain.internalDoFilter(ApplicationFilterChain.java:185) ~[tomcat-embed-core-10.1.4.jar:10.1.4]
	at org.apache.catalina.core.ApplicationFilterChain.doFilter(ApplicationFilterChain.java:158) ~[tomcat-embed-core-10.1.4.jar:10.1.4]
	at org.springframework.web.filter.CharacterEncodingFilter.doFilterInternal(CharacterEncodingFilter.java:201) ~[spring-web-6.0.3.jar:6.0.3]
	at org.springframework.web.filter.OncePerRequestFilter.doFilter(OncePerRequestFilter.java:116) ~[spring-web-6.0.3.jar:6.0.3]
	at org.apache.catalina.core.ApplicationFilterChain.internalDoFilter(ApplicationFilterChain.java:185) ~[tomcat-embed-core-10.1.4.jar:10.1.4]
	at org.apache.catalina.core.ApplicationFilterChain.doFilter(ApplicationFilterChain.java:158) ~[tomcat-embed-core-10.1.4.jar:10.1.4]
	at org.apache.catalina.core.StandardWrapperValve.invoke(StandardWrapperValve.java:177) ~[tomcat-embed-core-10.1.4.jar:10.1.4]
	at org.apache.catalina.core.StandardContextValve.invoke(StandardContextValve.java:97) ~[tomcat-embed-core-10.1.4.jar:10.1.4]
	at org.apache.catalina.authenticator.AuthenticatorBase.invoke(AuthenticatorBase.java:542) ~[tomcat-embed-core-10.1.4.jar:10.1.4]
	at org.apache.catalina.core.StandardHostValve.invoke(StandardHostValve.java:119) ~[tomcat-embed-core-10.1.4.jar:10.1.4]
	at org.apache.catalina.valves.ErrorReportValve.invoke(ErrorReportValve.java:92) ~[tomcat-embed-core-10.1.4.jar:10.1.4]
	at org.apache.catalina.core.StandardEngineValve.invoke(StandardEngineValve.java:78) ~[tomcat-embed-core-10.1.4.jar:10.1.4]
	at org.apache.catalina.connector.CoyoteAdapter.service(CoyoteAdapter.java:357) ~[tomcat-embed-core-10.1.4.jar:10.1.4]
	at org.apache.coyote.http11.Http11Processor.service(Http11Processor.java:400) ~[tomcat-embed-core-10.1.4.jar:10.1.4]
	at org.apache.coyote.AbstractProcessorLight.process(AbstractProcessorLight.java:65) ~[tomcat-embed-core-10.1.4.jar:10.1.4]
	at org.apache.coyote.AbstractProtocol$ConnectionHandler.process(AbstractProtocol.java:859) ~[tomcat-embed-core-10.1.4.jar:10.1.4]
	at org.apache.tomcat.util.net.NioEndpoint$SocketProcessor.doRun(NioEndpoint.java:1734) ~[tomcat-embed-core-10.1.4.jar:10.1.4]
	at org.apache.tomcat.util.net.SocketProcessorBase.run(SocketProcessorBase.java:52) ~[tomcat-embed-core-10.1.4.jar:10.1.4]
	at org.apache.tomcat.util.threads.ThreadPoolExecutor.runWorker(ThreadPoolExecutor.java:1191) ~[tomcat-embed-core-10.1.4.jar:10.1.4]
	at org.apache.tomcat.util.threads.ThreadPoolExecutor$Worker.run(ThreadPoolExecutor.java:659) ~[tomcat-embed-core-10.1.4.jar:10.1.4]
	at org.apache.tomcat.util.threads.TaskThread$WrappingRunnable.run(TaskThread.java:61) ~[tomcat-embed-core-10.1.4.jar:10.1.4]
	at java.base/java.lang.Thread.run(Thread.java:833) ~[na:na]

2023-01-17T14:44:26.973+01:00  INFO 14132 --- [File Watcher] rtingClassPathChangeChangedEventListener : Restarting due to 1 class path change (0 additions, 0 deletions, 1 modification)
2023-01-17T14:44:26.998+01:00  INFO 14132 --- [Thread-5] o.apache.catalina.core.StandardService   : Stopping service [Tomcat]
2023-01-17T14:44:26.999+01:00  INFO 14132 --- [Thread-5] o.a.c.c.C.[Tomcat].[localhost].[/ws]     : Destroying Spring FrameworkServlet 'dispatcherServlet'
2023-01-17T14:44:27.004+01:00  INFO 14132 --- [Thread-5] j.LocalContainerEntityManagerFactoryBean : Closing JPA EntityManagerFactory for persistence unit 'default'
2023-01-17T14:44:27.006+01:00  INFO 14132 --- [Thread-5] com.zaxxer.hikari.HikariDataSource       : HikariPool-1 - Shutdown initiated...
2023-01-17T14:44:27.011+01:00  INFO 14132 --- [Thread-5] com.zaxxer.hikari.HikariDataSource       : HikariPool-1 - Shutdown completed.
2023-01-17T14:44:27.052+01:00  INFO 14132 --- [restartedMain] c.e.demo.CoursSpringRestApplication      : Starting CoursSpringRestApplication using Java 17.0.5 with PID 14132 (C:\Users\M2i\eclipse-workspace\cours-spring-rest\target\classes started by M2i in C:\Users\M2i\eclipse-workspace\cours-spring-rest)
2023-01-17T14:44:27.052+01:00  INFO 14132 --- [restartedMain] c.e.demo.CoursSpringRestApplication      : No active profile set, falling back to 1 default profile: "default"
2023-01-17T14:44:27.141+01:00  INFO 14132 --- [restartedMain] .s.d.r.c.RepositoryConfigurationDelegate : Bootstrapping Spring Data JPA repositories in DEFAULT mode.
2023-01-17T14:44:27.146+01:00  INFO 14132 --- [restartedMain] .s.d.r.c.RepositoryConfigurationDelegate : Finished Spring Data repository scanning in 5 ms. Found 2 JPA repository interfaces.
2023-01-17T14:44:27.187+01:00  INFO 14132 --- [restartedMain] o.s.b.w.embedded.tomcat.TomcatWebServer  : Tomcat initialized with port(s): 8080 (http)
2023-01-17T14:44:27.187+01:00  INFO 14132 --- [restartedMain] o.apache.catalina.core.StandardService   : Starting service [Tomcat]
2023-01-17T14:44:27.187+01:00  INFO 14132 --- [restartedMain] o.apache.catalina.core.StandardEngine    : Starting Servlet engine: [Apache Tomcat/10.1.4]
2023-01-17T14:44:27.196+01:00  INFO 14132 --- [restartedMain] o.a.c.c.C.[Tomcat].[localhost].[/ws]     : Initializing Spring embedded WebApplicationContext
2023-01-17T14:44:27.197+01:00  INFO 14132 --- [restartedMain] w.s.c.ServletWebServerApplicationContext : Root WebApplicationContext: initialization completed in 143 ms
2023-01-17T14:44:27.215+01:00  INFO 14132 --- [restartedMain] o.hibernate.jpa.internal.util.LogHelper  : HHH000204: Processing PersistenceUnitInfo [name: default]
2023-01-17T14:44:27.217+01:00  WARN 14132 --- [restartedMain] org.hibernate.orm.deprecation            : HHH90000021: Encountered deprecated setting [javax.persistence.sharedCache.mode], use [jakarta.persistence.sharedCache.mode] instead
2023-01-17T14:44:27.219+01:00  INFO 14132 --- [restartedMain] com.zaxxer.hikari.HikariDataSource       : HikariPool-2 - Starting...
2023-01-17T14:44:27.226+01:00  INFO 14132 --- [restartedMain] com.zaxxer.hikari.pool.HikariPool        : HikariPool-2 - Added connection com.mysql.cj.jdbc.ConnectionImpl@23fff07d
2023-01-17T14:44:27.226+01:00  INFO 14132 --- [restartedMain] com.zaxxer.hikari.HikariDataSource       : HikariPool-2 - Start completed.
2023-01-17T14:44:27.227+01:00  INFO 14132 --- [restartedMain] SQL dialect                              : HHH000400: Using dialect: org.hibernate.dialect.MySQLDialect
2023-01-17T14:44:27.256+01:00  INFO 14132 --- [restartedMain] o.h.e.t.j.p.i.JtaPlatformInitiator       : HHH000490: Using JtaPlatform implementation: [org.hibernate.engine.transaction.jta.platform.internal.NoJtaPlatform]
2023-01-17T14:44:27.256+01:00  INFO 14132 --- [restartedMain] j.LocalContainerEntityManagerFactoryBean : Initialized JPA EntityManagerFactory for persistence unit 'default'
2023-01-17T14:44:27.294+01:00  WARN 14132 --- [restartedMain] JpaBaseConfiguration$JpaWebConfiguration : spring.jpa.open-in-view is enabled by default. Therefore, database queries may be performed during view rendering. Explicitly configure spring.jpa.open-in-view to disable this warning
2023-01-17T14:44:27.333+01:00  INFO 14132 --- [restartedMain] o.s.b.d.a.OptionalLiveReloadServer       : LiveReload server is running on port 35729
2023-01-17T14:44:27.339+01:00  INFO 14132 --- [restartedMain] o.s.b.w.embedded.tomcat.TomcatWebServer  : Tomcat started on port(s): 8080 (http) with context path '/ws'
2023-01-17T14:44:27.341+01:00  INFO 14132 --- [restartedMain] c.e.demo.CoursSpringRestApplication      : Started CoursSpringRestApplication in 0.306 seconds (process running for 93.871)
2023-01-17T14:44:27.342+01:00  INFO 14132 --- [restartedMain] .ConditionEvaluationDeltaLoggingListener : Condition evaluation unchanged
2023-01-17T14:44:27.528+01:00  INFO 14132 --- [RMI TCP Connection(4)-127.0.0.1] inMXBeanRegistrar$SpringApplicationAdmin : Application shutdown requested.
2023-01-17T14:44:27.532+01:00  INFO 14132 --- [RMI TCP Connection(4)-127.0.0.1] o.apache.catalina.core.StandardService   : Stopping service [Tomcat]
2023-01-17T14:44:27.535+01:00  INFO 14132 --- [RMI TCP Connection(4)-127.0.0.1] j.LocalContainerEntityManagerFactoryBean : Closing JPA EntityManagerFactory for persistence unit 'default'
2023-01-17T14:44:27.536+01:00  INFO 14132 --- [RMI TCP Connection(4)-127.0.0.1] com.zaxxer.hikari.HikariDataSource       : HikariPool-2 - Shutdown initiated...
2023-01-17T14:44:27.545+01:00  INFO 14132 --- [RMI TCP Connection(4)-127.0.0.1] com.zaxxer.hikari.HikariDataSource       : HikariPool-2 - Shutdown completed.
2023-01-17T14:44:28.815+01:00  INFO 7048 --- [restartedMain] c.e.demo.CoursSpringRestApplication      : Starting CoursSpringRestApplication using Java 17.0.5 with PID 7048 (C:\Users\M2i\eclipse-workspace\cours-spring-rest\target\classes started by M2i in C:\Users\M2i\eclipse-workspace\cours-spring-rest)
2023-01-17T14:44:28.817+01:00  INFO 7048 --- [restartedMain] c.e.demo.CoursSpringRestApplication      : No active profile set, falling back to 1 default profile: "default"
2023-01-17T14:44:28.841+01:00  INFO 7048 --- [restartedMain] .e.DevToolsPropertyDefaultsPostProcessor : Devtools property defaults active! Set 'spring.devtools.add-properties' to 'false' to disable
2023-01-17T14:44:28.842+01:00  INFO 7048 --- [restartedMain] .e.DevToolsPropertyDefaultsPostProcessor : For additional web related logging consider setting the 'logging.level.web' property to 'DEBUG'
2023-01-17T14:44:29.150+01:00  INFO 7048 --- [restartedMain] .s.d.r.c.RepositoryConfigurationDelegate : Bootstrapping Spring Data JPA repositories in DEFAULT mode.
2023-01-17T14:44:29.182+01:00  INFO 7048 --- [restartedMain] .s.d.r.c.RepositoryConfigurationDelegate : Finished Spring Data repository scanning in 28 ms. Found 2 JPA repository interfaces.
2023-01-17T14:44:29.468+01:00  INFO 7048 --- [restartedMain] o.s.b.w.embedded.tomcat.TomcatWebServer  : Tomcat initialized with port(s): 8080 (http)
2023-01-17T14:44:29.474+01:00  INFO 7048 --- [restartedMain] o.apache.catalina.core.StandardService   : Starting service [Tomcat]
2023-01-17T14:44:29.475+01:00  INFO 7048 --- [restartedMain] o.apache.catalina.core.StandardEngine    : Starting Servlet engine: [Apache Tomcat/10.1.4]
2023-01-17T14:44:29.513+01:00  INFO 7048 --- [restartedMain] o.a.c.c.C.[Tomcat].[localhost].[/ws]     : Initializing Spring embedded WebApplicationContext
2023-01-17T14:44:29.514+01:00  INFO 7048 --- [restartedMain] w.s.c.ServletWebServerApplicationContext : Root WebApplicationContext: initialization completed in 672 ms
2023-01-17T14:44:29.593+01:00  INFO 7048 --- [restartedMain] o.hibernate.jpa.internal.util.LogHelper  : HHH000204: Processing PersistenceUnitInfo [name: default]
2023-01-17T14:44:29.619+01:00  INFO 7048 --- [restartedMain] org.hibernate.Version                    : HHH000412: Hibernate ORM core version 6.1.6.Final
2023-01-17T14:44:29.708+01:00  WARN 7048 --- [restartedMain] org.hibernate.orm.deprecation            : HHH90000021: Encountered deprecated setting [javax.persistence.sharedCache.mode], use [jakarta.persistence.sharedCache.mode] instead
2023-01-17T14:44:29.767+01:00  INFO 7048 --- [restartedMain] com.zaxxer.hikari.HikariDataSource       : HikariPool-1 - Starting...
2023-01-17T14:44:29.952+01:00  INFO 7048 --- [restartedMain] com.zaxxer.hikari.pool.HikariPool        : HikariPool-1 - Added connection com.mysql.cj.jdbc.ConnectionImpl@41bca03
2023-01-17T14:44:29.953+01:00  INFO 7048 --- [restartedMain] com.zaxxer.hikari.HikariDataSource       : HikariPool-1 - Start completed.
2023-01-17T14:44:29.983+01:00  INFO 7048 --- [restartedMain] SQL dialect                              : HHH000400: Using dialect: org.hibernate.dialect.MySQLDialect
2023-01-17T14:44:30.440+01:00  INFO 7048 --- [restartedMain] o.h.e.t.j.p.i.JtaPlatformInitiator       : HHH000490: Using JtaPlatform implementation: [org.hibernate.engine.transaction.jta.platform.internal.NoJtaPlatform]
2023-01-17T14:44:30.446+01:00  INFO 7048 --- [restartedMain] j.LocalContainerEntityManagerFactoryBean : Initialized JPA EntityManagerFactory for persistence unit 'default'
2023-01-17T14:44:30.599+01:00  WARN 7048 --- [restartedMain] JpaBaseConfiguration$JpaWebConfiguration : spring.jpa.open-in-view is enabled by default. Therefore, database queries may be performed during view rendering. Explicitly configure spring.jpa.open-in-view to disable this warning
2023-01-17T14:44:30.766+01:00  INFO 7048 --- [restartedMain] o.s.b.d.a.OptionalLiveReloadServer       : LiveReload server is running on port 35729
2023-01-17T14:44:30.791+01:00  INFO 7048 --- [restartedMain] o.s.b.w.embedded.tomcat.TomcatWebServer  : Tomcat started on port(s): 8080 (http) with context path '/ws'
2023-01-17T14:44:30.797+01:00  INFO 7048 --- [restartedMain] c.e.demo.CoursSpringRestApplication      : Started CoursSpringRestApplication in 2.193 seconds (process running for 2.548)
2023-01-17T14:44:38.603+01:00  INFO 7048 --- [http-nio-8080-exec-1] o.a.c.c.C.[Tomcat].[localhost].[/ws]     : Initializing Spring DispatcherServlet 'dispatcherServlet'
2023-01-17T14:44:38.604+01:00  INFO 7048 --- [http-nio-8080-exec-1] o.s.web.servlet.DispatcherServlet        : Initializing Servlet 'dispatcherServlet'
2023-01-17T14:44:38.604+01:00  INFO 7048 --- [http-nio-8080-exec-1] o.s.web.servlet.DispatcherServlet        : Completed initialization in 0 ms
2023-01-17T14:44:38.678+01:00  INFO 7048 --- [http-nio-8080-exec-1] c.e.demo.controllers.PersonneController  : personne envoyée Personne(id=null, nom=Diego, prenom=Le singe, adresses=[]) 
2023-01-17T14:45:05.209+01:00 ERROR 7048 --- [http-nio-8080-exec-4] o.a.c.c.C.[.[.[/ws].[dispatcherServlet]  : Servlet.service() for servlet [dispatcherServlet] in context with path [/ws] threw exception [Request processing failed: java.lang.NullPointerException: Cannot invoke "java.lang.Integer.intValue()" because the return value of "com.example.demo.models.Personne.getId()" is null] with root cause

java.lang.NullPointerException: Cannot invoke "java.lang.Integer.intValue()" because the return value of "com.example.demo.models.Personne.getId()" is null
	at com.example.demo.controllers.PersonneController.addPersonne(PersonneController.java:65) ~[classes/:na]
	at java.base/jdk.internal.reflect.NativeMethodAccessorImpl.invoke0(Native Method) ~[na:na]
	at java.base/jdk.internal.reflect.NativeMethodAccessorImpl.invoke(NativeMethodAccessorImpl.java:77) ~[na:na]
	at java.base/jdk.internal.reflect.DelegatingMethodAccessorImpl.invoke(DelegatingMethodAccessorImpl.java:43) ~[na:na]
	at java.base/java.lang.reflect.Method.invoke(Method.java:568) ~[na:na]
	at org.springframework.web.method.support.InvocableHandlerMethod.doInvoke(InvocableHandlerMethod.java:207) ~[spring-web-6.0.3.jar:6.0.3]
	at org.springframework.web.method.support.InvocableHandlerMethod.invokeForRequest(InvocableHandlerMethod.java:152) ~[spring-web-6.0.3.jar:6.0.3]
	at org.springframework.web.servlet.mvc.method.annotation.ServletInvocableHandlerMethod.invokeAndHandle(ServletInvocableHandlerMethod.java:117) ~[spring-webmvc-6.0.3.jar:6.0.3]
	at org.springframework.web.servlet.mvc.method.annotation.RequestMappingHandlerAdapter.invokeHandlerMethod(RequestMappingHandlerAdapter.java:884) ~[spring-webmvc-6.0.3.jar:6.0.3]
	at org.springframework.web.servlet.mvc.method.annotation.RequestMappingHandlerAdapter.handleInternal(RequestMappingHandlerAdapter.java:797) ~[spring-webmvc-6.0.3.jar:6.0.3]
	at org.springframework.web.servlet.mvc.method.AbstractHandlerMethodAdapter.handle(AbstractHandlerMethodAdapter.java:87) ~[spring-webmvc-6.0.3.jar:6.0.3]
	at org.springframework.web.servlet.DispatcherServlet.doDispatch(DispatcherServlet.java:1080) ~[spring-webmvc-6.0.3.jar:6.0.3]
	at org.springframework.web.servlet.DispatcherServlet.doService(DispatcherServlet.java:973) ~[spring-webmvc-6.0.3.jar:6.0.3]
	at org.springframework.web.servlet.FrameworkServlet.processRequest(FrameworkServlet.java:1010) ~[spring-webmvc-6.0.3.jar:6.0.3]
	at org.springframework.web.servlet.FrameworkServlet.doPut(FrameworkServlet.java:924) ~[spring-webmvc-6.0.3.jar:6.0.3]
	at jakarta.servlet.http.HttpServlet.service(HttpServlet.java:734) ~[tomcat-embed-core-10.1.4.jar:6.0]
	at org.springframework.web.servlet.FrameworkServlet.service(FrameworkServlet.java:884) ~[spring-webmvc-6.0.3.jar:6.0.3]
	at jakarta.servlet.http.HttpServlet.service(HttpServlet.java:814) ~[tomcat-embed-core-10.1.4.jar:6.0]
	at org.apache.catalina.core.ApplicationFilterChain.internalDoFilter(ApplicationFilterChain.java:223) ~[tomcat-embed-core-10.1.4.jar:10.1.4]
	at org.apache.catalina.core.ApplicationFilterChain.doFilter(ApplicationFilterChain.java:158) ~[tomcat-embed-core-10.1.4.jar:10.1.4]
	at org.apache.tomcat.websocket.server.WsFilter.doFilter(WsFilter.java:53) ~[tomcat-embed-websocket-10.1.4.jar:10.1.4]
	at org.apache.catalina.core.ApplicationFilterChain.internalDoFilter(ApplicationFilterChain.java:185) ~[tomcat-embed-core-10.1.4.jar:10.1.4]
	at org.apache.catalina.core.ApplicationFilterChain.doFilter(ApplicationFilterChain.java:158) ~[tomcat-embed-core-10.1.4.jar:10.1.4]
	at org.springframework.web.filter.RequestContextFilter.doFilterInternal(RequestContextFilter.java:100) ~[spring-web-6.0.3.jar:6.0.3]
	at org.springframework.web.filter.OncePerRequestFilter.doFilter(OncePerRequestFilter.java:116) ~[spring-web-6.0.3.jar:6.0.3]
	at org.apache.catalina.core.ApplicationFilterChain.internalDoFilter(ApplicationFilterChain.java:185) ~[tomcat-embed-core-10.1.4.jar:10.1.4]
	at org.apache.catalina.core.ApplicationFilterChain.doFilter(ApplicationFilterChain.java:158) ~[tomcat-embed-core-10.1.4.jar:10.1.4]
	at org.springframework.web.filter.FormContentFilter.doFilterInternal(FormContentFilter.java:93) ~[spring-web-6.0.3.jar:6.0.3]
	at org.springframework.web.filter.OncePerRequestFilter.doFilter(OncePerRequestFilter.java:116) ~[spring-web-6.0.3.jar:6.0.3]
	at org.apache.catalina.core.ApplicationFilterChain.internalDoFilter(ApplicationFilterChain.java:185) ~[tomcat-embed-core-10.1.4.jar:10.1.4]
	at org.apache.catalina.core.ApplicationFilterChain.doFilter(ApplicationFilterChain.java:158) ~[tomcat-embed-core-10.1.4.jar:10.1.4]
	at org.springframework.web.filter.CharacterEncodingFilter.doFilterInternal(CharacterEncodingFilter.java:201) ~[spring-web-6.0.3.jar:6.0.3]
	at org.springframework.web.filter.OncePerRequestFilter.doFilter(OncePerRequestFilter.java:116) ~[spring-web-6.0.3.jar:6.0.3]
	at org.apache.catalina.core.ApplicationFilterChain.internalDoFilter(ApplicationFilterChain.java:185) ~[tomcat-embed-core-10.1.4.jar:10.1.4]
	at org.apache.catalina.core.ApplicationFilterChain.doFilter(ApplicationFilterChain.java:158) ~[tomcat-embed-core-10.1.4.jar:10.1.4]
	at org.apache.catalina.core.StandardWrapperValve.invoke(StandardWrapperValve.java:177) ~[tomcat-embed-core-10.1.4.jar:10.1.4]
	at org.apache.catalina.core.StandardContextValve.invoke(StandardContextValve.java:97) ~[tomcat-embed-core-10.1.4.jar:10.1.4]
	at org.apache.catalina.authenticator.AuthenticatorBase.invoke(AuthenticatorBase.java:542) ~[tomcat-embed-core-10.1.4.jar:10.1.4]
	at org.apache.catalina.core.StandardHostValve.invoke(StandardHostValve.java:119) ~[tomcat-embed-core-10.1.4.jar:10.1.4]
	at org.apache.catalina.valves.ErrorReportValve.invoke(ErrorReportValve.java:92) ~[tomcat-embed-core-10.1.4.jar:10.1.4]
	at org.apache.catalina.core.StandardEngineValve.invoke(StandardEngineValve.java:78) ~[tomcat-embed-core-10.1.4.jar:10.1.4]
	at org.apache.catalina.connector.CoyoteAdapter.service(CoyoteAdapter.java:357) ~[tomcat-embed-core-10.1.4.jar:10.1.4]
	at org.apache.coyote.http11.Http11Processor.service(Http11Processor.java:400) ~[tomcat-embed-core-10.1.4.jar:10.1.4]
	at org.apache.coyote.AbstractProcessorLight.process(AbstractProcessorLight.java:65) ~[tomcat-embed-core-10.1.4.jar:10.1.4]
	at org.apache.coyote.AbstractProtocol$ConnectionHandler.process(AbstractProtocol.java:859) ~[tomcat-embed-core-10.1.4.jar:10.1.4]
	at org.apache.tomcat.util.net.NioEndpoint$SocketProcessor.doRun(NioEndpoint.java:1734) ~[tomcat-embed-core-10.1.4.jar:10.1.4]
	at org.apache.tomcat.util.net.SocketProcessorBase.run(SocketProcessorBase.java:52) ~[tomcat-embed-core-10.1.4.jar:10.1.4]
	at org.apache.tomcat.util.threads.ThreadPoolExecutor.runWorker(ThreadPoolExecutor.java:1191) ~[tomcat-embed-core-10.1.4.jar:10.1.4]
	at org.apache.tomcat.util.threads.ThreadPoolExecutor$Worker.run(ThreadPoolExecutor.java:659) ~[tomcat-embed-core-10.1.4.jar:10.1.4]
	at org.apache.tomcat.util.threads.TaskThread$WrappingRunnable.run(TaskThread.java:61) ~[tomcat-embed-core-10.1.4.jar:10.1.4]
	at java.base/java.lang.Thread.run(Thread.java:833) ~[na:na]

2023-01-17T14:45:11.275+01:00  WARN 7048 --- [http-nio-8080-exec-6] .w.s.m.s.DefaultHandlerExceptionResolver : Resolved [org.springframework.web.HttpRequestMethodNotSupportedException: Request method 'PUT' is not supported]
2023-01-17T14:45:36.431+01:00  WARN 7048 --- [http-nio-8080-exec-7] .w.s.m.s.DefaultHandlerExceptionResolver : Resolved [org.springframework.web.HttpRequestMethodNotSupportedException: Request method 'PUT' is not supported]
2023-01-17T14:45:44.962+01:00  WARN 7048 --- [http-nio-8080-exec-8] .w.s.m.s.DefaultHandlerExceptionResolver : Resolved [org.springframework.web.HttpRequestMethodNotSupportedException: Request method 'PUT' is not supported]
2023-01-17T14:51:03.723+01:00  INFO 7048 --- [RMI TCP Connection(10)-127.0.0.1] inMXBeanRegistrar$SpringApplicationAdmin : Application shutdown requested.
2023-01-17T14:51:03.730+01:00  INFO 7048 --- [RMI TCP Connection(10)-127.0.0.1] o.apache.catalina.core.StandardService   : Stopping service [Tomcat]
2023-01-17T14:51:03.731+01:00  INFO 7048 --- [RMI TCP Connection(10)-127.0.0.1] o.a.c.c.C.[Tomcat].[localhost].[/ws]     : Destroying Spring FrameworkServlet 'dispatcherServlet'
2023-01-17T14:51:03.735+01:00  INFO 7048 --- [RMI TCP Connection(10)-127.0.0.1] j.LocalContainerEntityManagerFactoryBean : Closing JPA EntityManagerFactory for persistence unit 'default'
2023-01-17T14:51:03.737+01:00  INFO 7048 --- [RMI TCP Connection(10)-127.0.0.1] com.zaxxer.hikari.HikariDataSource       : HikariPool-1 - Shutdown initiated...
2023-01-17T14:51:03.741+01:00  INFO 7048 --- [RMI TCP Connection(10)-127.0.0.1] com.zaxxer.hikari.HikariDataSource       : HikariPool-1 - Shutdown completed.
